116
5
1 129 142 473 500 
5
1 63 158 171 500 
5
1 154 44 372 500 
5
1 202 244 88 500 
5
1 249 182 216 500 
5
1 87 320 469 500 
5
1 130 179 348 500 
5
1 317 162 28 500 
5
1 498 175 448 500 
5
1 56 378 248 500 
5
1 280 383 161 500 
5
1 226 188 382 500 
5
1 112 402 98 500 
5
1 431 475 456 500 
5
1 187 205 447 500 
5
1 415 215 349 500 
5
1 371 96 351 500 
5
1 184 341 290 500 
5
1 85 311 141 500 
5
1 31 27 361 500 
5
1 273 392 411 500 
5
1 426 394 107 500 
5
1 391 368 60 500 
5
1 199 66 369 500 
5
1 200 79 132 500 
5
1 83 306 94 500 
5
1 297 74 207 500 
5
1 353 373 253 500 
5
1 299 452 279 500 
5
1 347 164 72 500 
5
1 488 100 131 500 
5
1 222 227 463 500 
5
1 146 51 238 500 
5
1 149 386 419 500 
5
1 225 430 409 500 
5
1 220 283 298 500 
5
1 491 110 11 500 
5
1 3 305 338 500 
5
1 493 80 325 500 
5
1 251 170 395 500 
5
1 126 30 450 500 
5
1 301 41 90 500 
5
1 223 331 330 500 
5
1 106 97 91 500 
5
1 407 93 262 500 
5
1 408 2 82 500 
5
1 124 284 192 500 
5
1 120 239 492 500 
5
1 285 23 441 500 
5
1 410 442 425 500 
5
1 89 147 460 500 
5
1 50 193 459 500 
5
1 10 264 229 500 
5
1 286 209 196 500 
5
1 172 443 267 500 
5
1 73 92 228 500 
5
1 37 65 163 500 
5
1 465 483 181 500 
5
1 46 432 245 500 
5
1 303 86 496 500 
5
1 219 318 309 500 
5
1 355 169 321 500 
5
1 310 108 190 500 
5
1 388 111 36 500 
5
1 399 446 5 500 
5
1 313 260 479 500 
5
1 420 265 252 500 
5
1 421 29 476 500 
5
1 22 270 379 500 
5
1 195 405 477 500 
5
1 71 269 356 500 
5
1 396 307 13 500 
5
1 17 328 337 500 
5
1 354 275 24 500 
5
1 231 468 276 500 
5
1 25 145 334 500 
5
1 418 9 486 500 
5
1 485 359 52 500 
5
1 376 412 183 500 
5
1 480 155 224 500 
5
1 102 455 333 500 
5
1 157 214 434 500 
5
1 322 281 445 500 
5
1 390 423 289 500 
5
1 143 113 323 500 
5
1 278 35 406 500 
5
1 122 457 6 500 
5
1 314 138 43 500 
5
1 429 45 191 500 
5
1 345 487 362 500 
5
1 208 177 20 500 
5
1 68 478 363 500 
5
1 340 384 484 500 
5
1 451 339 404 500 
5
1 194 34 336 500 
5
1 453 8 261 500 
5
1 242 81 403 500 
5
1 397 153 49 500 
5
1 375 84 218 500 
5
1 230 32 287 500 
5
1 304 294 119 500 
5
1 62 454 55 500 
5
1 174 176 211 500 
5
1 178 240 185 500 
5
1 58 277 324 500 
5
1 76 123 467 500 
5
1 461 144 159 500 
5
1 374 212 444 500 
5
1 39 173 319 500 
5
1 16 482 197 500 
5
1 180 367 47 500 
5
1 413 117 352 500 
5
1 499 300 393 500 
5
1 152 416 438 500 
5
1 101 137 449 500 
5
1 490 125 33 500 
