498
3
1 2 500 
3
1 3 500 
3
1 4 500 
3
1 5 500 
3
1 6 500 
3
1 7 500 
3
1 8 500 
3
1 9 500 
3
1 10 500 
3
1 11 500 
3
1 12 500 
3
1 13 500 
3
1 14 500 
3
1 15 500 
3
1 16 500 
3
1 17 500 
3
1 18 500 
3
1 19 500 
3
1 20 500 
3
1 21 500 
3
1 22 500 
3
1 23 500 
3
1 24 500 
3
1 25 500 
3
1 26 500 
3
1 27 500 
3
1 28 500 
3
1 29 500 
3
1 30 500 
3
1 31 500 
3
1 32 500 
3
1 33 500 
3
1 34 500 
3
1 35 500 
3
1 36 500 
3
1 37 500 
3
1 38 500 
3
1 39 500 
3
1 40 500 
3
1 41 500 
3
1 42 500 
3
1 43 500 
3
1 44 500 
3
1 45 500 
3
1 46 500 
3
1 47 500 
3
1 48 500 
3
1 49 500 
3
1 50 500 
3
1 51 500 
3
1 52 500 
3
1 53 500 
3
1 54 500 
3
1 55 500 
3
1 56 500 
3
1 57 500 
3
1 58 500 
3
1 59 500 
3
1 60 500 
3
1 61 500 
3
1 62 500 
3
1 63 500 
3
1 64 500 
3
1 65 500 
3
1 66 500 
3
1 67 500 
3
1 68 500 
3
1 69 500 
3
1 70 500 
3
1 71 500 
3
1 72 500 
3
1 73 500 
3
1 74 500 
3
1 75 500 
3
1 76 500 
3
1 77 500 
3
1 78 500 
3
1 79 500 
3
1 80 500 
3
1 81 500 
3
1 82 500 
3
1 83 500 
3
1 84 500 
3
1 85 500 
3
1 86 500 
3
1 87 500 
3
1 88 500 
3
1 89 500 
3
1 90 500 
3
1 91 500 
3
1 92 500 
3
1 93 500 
3
1 94 500 
3
1 95 500 
3
1 96 500 
3
1 97 500 
3
1 98 500 
3
1 99 500 
3
1 100 500 
3
1 101 500 
3
1 102 500 
3
1 103 500 
3
1 104 500 
3
1 105 500 
3
1 106 500 
3
1 107 500 
3
1 108 500 
3
1 109 500 
3
1 110 500 
3
1 111 500 
3
1 112 500 
3
1 113 500 
3
1 114 500 
3
1 115 500 
3
1 116 500 
3
1 117 500 
3
1 118 500 
3
1 119 500 
3
1 120 500 
3
1 121 500 
3
1 122 500 
3
1 123 500 
3
1 124 500 
3
1 125 500 
3
1 126 500 
3
1 127 500 
3
1 128 500 
3
1 129 500 
3
1 130 500 
3
1 131 500 
3
1 132 500 
3
1 133 500 
3
1 134 500 
3
1 135 500 
3
1 136 500 
3
1 137 500 
3
1 138 500 
3
1 139 500 
3
1 140 500 
3
1 141 500 
3
1 142 500 
3
1 143 500 
3
1 144 500 
3
1 145 500 
3
1 146 500 
3
1 147 500 
3
1 148 500 
3
1 149 500 
3
1 150 500 
3
1 151 500 
3
1 152 500 
3
1 153 500 
3
1 154 500 
3
1 155 500 
3
1 156 500 
3
1 157 500 
3
1 158 500 
3
1 159 500 
3
1 160 500 
3
1 161 500 
3
1 162 500 
3
1 163 500 
3
1 164 500 
3
1 165 500 
3
1 166 500 
3
1 167 500 
3
1 168 500 
3
1 169 500 
3
1 170 500 
3
1 171 500 
3
1 172 500 
3
1 173 500 
3
1 174 500 
3
1 175 500 
3
1 176 500 
3
1 177 500 
3
1 178 500 
3
1 179 500 
3
1 180 500 
3
1 181 500 
3
1 182 500 
3
1 183 500 
3
1 184 500 
3
1 185 500 
3
1 186 500 
3
1 187 500 
3
1 188 500 
3
1 189 500 
3
1 190 500 
3
1 191 500 
3
1 192 500 
3
1 193 500 
3
1 194 500 
3
1 195 500 
3
1 196 500 
3
1 197 500 
3
1 198 500 
3
1 199 500 
3
1 200 500 
3
1 201 500 
3
1 202 500 
3
1 203 500 
3
1 204 500 
3
1 205 500 
3
1 206 500 
3
1 207 500 
3
1 208 500 
3
1 209 500 
3
1 210 500 
3
1 211 500 
3
1 212 500 
3
1 213 500 
3
1 214 500 
3
1 215 500 
3
1 216 500 
3
1 217 500 
3
1 218 500 
3
1 219 500 
3
1 220 500 
3
1 221 500 
3
1 222 500 
3
1 223 500 
3
1 224 500 
3
1 225 500 
3
1 226 500 
3
1 227 500 
3
1 228 500 
3
1 229 500 
3
1 230 500 
3
1 231 500 
3
1 232 500 
3
1 233 500 
3
1 234 500 
3
1 235 500 
3
1 236 500 
3
1 237 500 
3
1 238 500 
3
1 239 500 
3
1 240 500 
3
1 241 500 
3
1 242 500 
3
1 243 500 
3
1 244 500 
3
1 245 500 
3
1 246 500 
3
1 247 500 
3
1 248 500 
3
1 249 500 
3
1 250 500 
3
1 251 500 
3
1 252 500 
3
1 253 500 
3
1 254 500 
3
1 255 500 
3
1 256 500 
3
1 257 500 
3
1 258 500 
3
1 259 500 
3
1 260 500 
3
1 261 500 
3
1 262 500 
3
1 263 500 
3
1 264 500 
3
1 265 500 
3
1 266 500 
3
1 267 500 
3
1 268 500 
3
1 269 500 
3
1 270 500 
3
1 271 500 
3
1 272 500 
3
1 273 500 
3
1 274 500 
3
1 275 500 
3
1 276 500 
3
1 277 500 
3
1 278 500 
3
1 279 500 
3
1 280 500 
3
1 281 500 
3
1 282 500 
3
1 283 500 
3
1 284 500 
3
1 285 500 
3
1 286 500 
3
1 287 500 
3
1 288 500 
3
1 289 500 
3
1 290 500 
3
1 291 500 
3
1 292 500 
3
1 293 500 
3
1 294 500 
3
1 295 500 
3
1 296 500 
3
1 297 500 
3
1 298 500 
3
1 299 500 
3
1 300 500 
3
1 301 500 
3
1 302 500 
3
1 303 500 
3
1 304 500 
3
1 305 500 
3
1 306 500 
3
1 307 500 
3
1 308 500 
3
1 309 500 
3
1 310 500 
3
1 311 500 
3
1 312 500 
3
1 313 500 
3
1 314 500 
3
1 315 500 
3
1 316 500 
3
1 317 500 
3
1 318 500 
3
1 319 500 
3
1 320 500 
3
1 321 500 
3
1 322 500 
3
1 323 500 
3
1 324 500 
3
1 325 500 
3
1 326 500 
3
1 327 500 
3
1 328 500 
3
1 329 500 
3
1 330 500 
3
1 331 500 
3
1 332 500 
3
1 333 500 
3
1 334 500 
3
1 335 500 
3
1 336 500 
3
1 337 500 
3
1 338 500 
3
1 339 500 
3
1 340 500 
3
1 341 500 
3
1 342 500 
3
1 343 500 
3
1 344 500 
3
1 345 500 
3
1 346 500 
3
1 347 500 
3
1 348 500 
3
1 349 500 
3
1 350 500 
3
1 351 500 
3
1 352 500 
3
1 353 500 
3
1 354 500 
3
1 355 500 
3
1 356 500 
3
1 357 500 
3
1 358 500 
3
1 359 500 
3
1 360 500 
3
1 361 500 
3
1 362 500 
3
1 363 500 
3
1 364 500 
3
1 365 500 
3
1 366 500 
3
1 367 500 
3
1 368 500 
3
1 369 500 
3
1 370 500 
3
1 371 500 
3
1 372 500 
3
1 373 500 
3
1 374 500 
3
1 375 500 
3
1 376 500 
3
1 377 500 
3
1 378 500 
3
1 379 500 
3
1 380 500 
3
1 381 500 
3
1 382 500 
3
1 383 500 
3
1 384 500 
3
1 385 500 
3
1 386 500 
3
1 387 500 
3
1 388 500 
3
1 389 500 
3
1 390 500 
3
1 391 500 
3
1 392 500 
3
1 393 500 
3
1 394 500 
3
1 395 500 
3
1 396 500 
3
1 397 500 
3
1 398 500 
3
1 399 500 
3
1 400 500 
3
1 401 500 
3
1 402 500 
3
1 403 500 
3
1 404 500 
3
1 405 500 
3
1 406 500 
3
1 407 500 
3
1 408 500 
3
1 409 500 
3
1 410 500 
3
1 411 500 
3
1 412 500 
3
1 413 500 
3
1 414 500 
3
1 415 500 
3
1 416 500 
3
1 417 500 
3
1 418 500 
3
1 419 500 
3
1 420 500 
3
1 421 500 
3
1 422 500 
3
1 423 500 
3
1 424 500 
3
1 425 500 
3
1 426 500 
3
1 427 500 
3
1 428 500 
3
1 429 500 
3
1 430 500 
3
1 431 500 
3
1 432 500 
3
1 433 500 
3
1 434 500 
3
1 435 500 
3
1 436 500 
3
1 437 500 
3
1 438 500 
3
1 439 500 
3
1 440 500 
3
1 441 500 
3
1 442 500 
3
1 443 500 
3
1 444 500 
3
1 445 500 
3
1 446 500 
3
1 447 500 
3
1 448 500 
3
1 449 500 
3
1 450 500 
3
1 451 500 
3
1 452 500 
3
1 453 500 
3
1 454 500 
3
1 455 500 
3
1 456 500 
3
1 457 500 
3
1 458 500 
3
1 459 500 
3
1 460 500 
3
1 461 500 
3
1 462 500 
3
1 463 500 
3
1 464 500 
3
1 465 500 
3
1 466 500 
3
1 467 500 
3
1 468 500 
3
1 469 500 
3
1 470 500 
3
1 471 500 
3
1 472 500 
3
1 473 500 
3
1 474 500 
3
1 475 500 
3
1 476 500 
3
1 477 500 
3
1 478 500 
3
1 479 500 
3
1 480 500 
3
1 481 500 
3
1 482 500 
3
1 483 500 
3
1 484 500 
3
1 485 500 
3
1 486 500 
3
1 487 500 
3
1 488 500 
3
1 489 500 
3
1 490 500 
3
1 491 500 
3
1 492 500 
3
1 493 500 
3
1 494 500 
3
1 495 500 
3
1 496 500 
3
1 497 500 
3
1 498 500 
3
1 499 500 
