464
-1000 -983
-1000 -973
-1000 -959
-1000 -948
-1000 -901
-1000 -887
-1000 -880
-1000 -876
-1000 -859
-1000 -852
-1000 -845
-1000 -839
-1000 -782
-1000 -771
-1000 -760
-1000 -710
-1000 -709
-1000 -691
-1000 -690
-1000 -688
-1000 -681
-1000 -678
-1000 -636
-1000 -617
-1000 -615
-1000 -568
-1000 -524
-1000 -511
-1000 -494
-1000 -454
-1000 -419
-1000 -408
-1000 -396
-1000 -378
-1000 -352
-1000 -340
-1000 -325
-1000 -317
-1000 -282
-1000 -279
-1000 -235
-1000 -210
-1000 -152
-1000 -133
-1000 -123
-1000 -112
-1000 -93
-1000 -85
-1000 -79
-1000 -73
-1000 -58
-1000 -54
-1000 -46
-1000 -41
-1000 -34
-1000 10
-1000 25
-1000 35
-1000 81
-1000 139
-1000 160
-1000 161
-1000 171
-1000 183
-1000 200
-1000 239
-1000 263
-1000 272
-1000 274
-1000 288
-1000 296
-1000 322
-1000 341
-1000 345
-1000 363
-1000 365
-1000 387
-1000 413
-1000 423
-1000 431
-1000 439
-1000 469
-1000 470
-1000 501
-1000 503
-1000 515
-1000 525
-1000 530
-1000 557
-1000 562
-1000 567
-1000 593
-1000 601
-1000 606
-1000 615
-1000 621
-1000 624
-1000 629
-1000 641
-1000 642
-1000 656
-1000 657
-1000 662
-1000 670
-1000 683
-1000 700
-1000 710
-1000 714
-1000 721
-1000 724
-1000 737
-1000 744
-1000 772
-1000 775
-1000 814
-1000 853
-1000 858
-1000 870
-1000 876
-1000 919
-1000 934
-1000 997
-998 1000
-997 -997
-995 1000
-988 1000
-987 -999
-977 1000
-975 -1000
-966 1000
-956 -1000
-953 -1000
-947 -1000
-947 1000
-942 -1000
-928 1000
-927 1000
-925 1000
-918 1000
-911 1000
-908 1000
-891 1000
-890 -1000
-888 -1000
-866 1000
-864 1000
-844 -1000
-844 1000
-827 1000
-785 1000
-780 1000
-771 -1000
-753 1000
-750 -1000
-732 1000
-726 -1000
-717 -1000
-715 1000
-711 -1000
-701 1000
-693 -1000
-683 1000
-675 -1000
-648 -1000
-632 -1000
-629 1000
-627 1000
-625 -1000
-623 1000
-612 1000
-598 -1000
-583 1000
-573 1000
-568 1000
-554 -1000
-548 1000
-547 1000
-541 1000
-529 1000
-520 -1000
-518 -1000
-506 -1000
-503 1000
-493 -1000
-487 1000
-459 -1000
-457 1000
-456 -1000
-451 -1000
-448 1000
-439 -1000
-436 -1000
-424 1000
-399 -1000
-397 1000
-396 -1000
-395 -1000
-392 -1000
-392 1000
-384 1000
-373 -1000
-365 -1000
-364 1000
-354 -1000
-354 1000
-345 1000
-343 -1000
-340 1000
-339 1000
-338 1000
-300 -1000
-282 -1000
-277 1000
-265 1000
-236 -1000
-215 1000
-197 1000
-195 -1000
-183 -1000
-182 1000
-181 1000
-179 -1000
-178 -1000
-172 -1000
-171 1000
-170 -1000
-163 -1000
-156 1000
-152 1000
-145 1000
-128 1000
-118 -1000
-109 1000
-98 1000
-90 1000
-85 -1000
-82 1000
-65 1000
-50 1000
-44 1000
-19 -1000
-17 -1000
-14 -1000
1 -1000
4 1000
15 1000
19 1000
20 -1000
25 1000
35 -1000
38 1000
73 1000
87 -1000
93 -1000
95 1000
112 1000
124 1000
132 -1000
141 -1000
150 -1000
155 -1000
158 1000
159 1000
160 1000
171 1000
180 -1000
186 1000
187 -1000
188 -1000
193 1000
202 1000
203 1000
214 1000
219 1000
232 1000
235 -1000
235 1000
242 -1000
288 -1000
314 1000
321 -1000
326 1000
341 -1000
342 -1000
355 -1000
358 -1000
365 1000
372 -1000
396 -1000
417 1000
426 1000
428 1000
435 1000
439 -1000
457 -1000
461 1000
462 -1000
465 1000
468 -1000
482 1000
487 1000
488 -1000
496 1000
501 1000
523 -1000
561 -1000
574 1000
576 1000
598 -1000
601 -1000
602 -1000
615 -1000
623 1000
624 1000
631 1000
640 -1000
653 -1000
671 1000
675 -1000
678 1000
681 1000
684 1000
710 -1000
721 1000
724 -1000
731 -1000
736 -1000
743 1000
747 -1000
752 1000
768 -1000
768 1000
779 -1000
797 -1000
818 1000
819 -1000
821 -1000
823 -1000
833 1000
837 -1000
846 1000
852 1000
855 -1000
856 1000
864 -1000
866 -1000
879 -1000
882 1000
902 -1000
915 -1000
922 1000
925 -1000
926 -1000
950 1000
978 -1000
980 1000
995 -999
999 999
1000 -995
1000 -984
1000 -948
1000 -944
1000 -930
1000 -926
1000 -923
1000 -921
1000 -900
1000 -834
1000 -804
1000 -786
1000 -784
1000 -752
1000 -740
1000 -705
1000 -693
1000 -678
1000 -669
1000 -662
1000 -661
1000 -657
1000 -647
1000 -630
1000 -619
1000 -616
1000 -599
1000 -554
1000 -499
1000 -471
1000 -449
1000 -447
1000 -410
1000 -404
1000 -402
1000 -388
1000 -378
1000 -376
1000 -357
1000 -354
1000 -349
1000 -345
1000 -310
1000 -309
1000 -307
1000 -281
1000 -201
1000 -182
1000 -160
1000 -112
1000 -91
1000 -88
1000 -36
1000 -27
1000 -12
1000 -5
1000 -4
1000 7
1000 59
1000 64
1000 71
1000 75
1000 85
1000 96
1000 126
1000 151
1000 190
1000 193
1000 207
1000 226
1000 292
1000 328
1000 336
1000 345
1000 377
1000 419
1000 456
1000 457
1000 464
1000 474
1000 510
1000 556
1000 563
1000 566
1000 570
1000 580
1000 606
1000 610
1000 660
1000 670
1000 685
1000 693
1000 709
1000 713
1000 741
1000 745
1000 755
1000 797
1000 806
1000 807
1000 817
1000 820
1000 856
1000 911
1000 913
1000 959
