27
-999996669 934495384
-999988929 -448078121
-999915004 -831155711
-999887397 -970615317
-999208362 -994324070
-999027971 -997995665
-998838299 993977034
-990041347 998352878
-986342605 999318864
-980419535 -998453523
-973281118 999970288
-926927274 -999646417
-646289176 999998413
-494165062 -999990570
-215920002 -999997621
487026596 -999994056
667090151 999979682
927994067 -999959847
943805732 -999849408
969817554 999876974
993209572 999661366
999027831 -998339258
999482331 990228901
999656787 -972361708
999983038 -748150888
999992506 953971419
999997091 -565320847
